<?xml version="1.0" encoding="UTF-8"?>
<!-- Generated by org.testng.reporters.JUnitReportReporter -->
<testsuite hostname="Parth" failures="0" tests="5" name="note_Master.NoteMaster" time="48.694" errors="0" timestamp="2025-04-02T23:38:24 IST" skipped="0">
  <testcase classname="note_Master.NoteMaster" name="signUp" time="0.982"/>
  <testcase classname="note_Master.NoteMaster" name="logIn" time="7.731"/>
  <testcase classname="note_Master.NoteMaster" name="WriteNotes" time="31.562"/>
  <testcase classname="note_Master.NoteMaster" name="profile" time="6.299"/>
  <testcase classname="note_Master.NoteMaster" name="Logout" time="2.120"/>
</testsuite> <!-- note_Master.NoteMaster -->
